<?xml version="1.0" encoding="UTF-8"?>
<testsuites name="Portfolio Tests" tests="70" failures="0" errors="0" time="58.043">
  <testsuite name="projectUtils" errors="0" failures="0" skipped="0" timestamp="2025-10-23T10:27:23" time="14.574" tests="23">
    <testcase classname="projectUtils › extractUniqueTechnologies" name="should extract unique technologies from projects array" time="0.023">
    </testcase>
    <testcase classname="projectUtils › extractUniqueTechnologies" name="should return empty array for invalid input" time="0.003">
    </testcase>
    <testcase classname="projectUtils › extractUniqueTechnologies" name="should handle projects with missing tech arrays" time="0.001">
    </testcase>
    <testcase classname="projectUtils › extractUniqueTechnologies" name="should handle empty projects array" time="0.002">
    </testcase>
    <testcase classname="projectUtils › filterProjectsByTech" name="should filter projects by technology" time="0.002">
    </testcase>
    <testcase classname="projectUtils › filterProjectsByTech" name="should return all projects when technology is empty" time="0.001">
    </testcase>
    <testcase classname="projectUtils › filterProjectsByTech" name="should return all projects when technology is null or undefined" time="0.002">
    </testcase>
    <testcase classname="projectUtils › filterProjectsByTech" name="should return empty array for invalid projects input" time="0.003">
    </testcase>
    <testcase classname="projectUtils › filterProjectsByTech" name="should handle case-sensitive filtering" time="0.002">
    </testcase>
    <testcase classname="projectUtils › filterProjectsByTech" name="should return empty array when no projects match technology" time="0.002">
    </testcase>
    <testcase classname="projectUtils › validateProjectData" name="should validate correct project data" time="0.001">
    </testcase>
    <testcase classname="projectUtils › validateProjectData" name="should reject project with missing required fields" time="0.003">
    </testcase>
    <testcase classname="projectUtils › validateProjectData" name="should reject project with empty string fields" time="0.001">
    </testcase>
    <testcase classname="projectUtils › validateProjectData" name="should reject project with whitespace-only fields" time="0.003">
    </testcase>
    <testcase classname="projectUtils › validateProjectData" name="should reject invalid input types" time="0.003">
    </testcase>
    <testcase classname="projectUtils › formatProjectTitle" name="should format normal project title" time="0.002">
    </testcase>
    <testcase classname="projectUtils › formatProjectTitle" name="should trim whitespace from title" time="0.001">
    </testcase>
    <testcase classname="projectUtils › formatProjectTitle" name="should collapse multiple spaces into single space" time="0">
    </testcase>
    <testcase classname="projectUtils › formatProjectTitle" name="should handle empty and invalid inputs" time="0.001">
    </testcase>
    <testcase classname="projectUtils › getProjectStats" name="should calculate correct project statistics" time="0.002">
    </testcase>
    <testcase classname="projectUtils › getProjectStats" name="should handle empty projects array" time="0.002">
    </testcase>
    <testcase classname="projectUtils › getProjectStats" name="should handle invalid input" time="0.001">
    </testcase>
    <testcase classname="projectUtils › getProjectStats" name="should handle projects with missing tech arrays" time="0.001">
    </testcase>
  </testsuite>
  <testsuite name="Chatbot API Security Tests" errors="0" failures="0" skipped="0" timestamp="2025-10-23T10:27:23" time="14.821" tests="10">
    <testcase classname="Chatbot API Security Tests › Input Validation" name="should validate message structure" time="0.084">
    </testcase>
    <testcase classname="Chatbot API Security Tests › Input Validation" name="should validate message count limits" time="0.003">
    </testcase>
    <testcase classname="Chatbot API Security Tests › Input Validation" name="should validate content length" time="0.002">
    </testcase>
    <testcase classname="Chatbot API Security Tests › Input Validation" name="should validate message roles" time="0.003">
    </testcase>
    <testcase classname="Chatbot API Security Tests › Rate Limiting" name="should enforce rate limits" time="0.181">
    </testcase>
    <testcase classname="Chatbot API Security Tests › Security Headers" name="should include security headers in responses" time="0.002">
    </testcase>
    <testcase classname="Chatbot API Security Tests › Error Handling" name="should handle missing API key gracefully" time="0.003">
    </testcase>
    <testcase classname="Chatbot API Security Tests › Error Handling" name="should handle API errors without exposing details" time="0.004">
    </testcase>
    <testcase classname="Chatbot API Security Tests › Content Sanitization" name="should sanitize dangerous characters" time="0.003">
    </testcase>
    <testcase classname="Chatbot API Security Tests › Successful Requests" name="should process valid requests successfully" time="0.002">
    </testcase>
  </testsuite>
  <testsuite name="RootLayout" errors="0" failures="0" skipped="0" timestamp="2025-10-23T10:27:23" time="19.108" tests="5">
    <testcase classname="RootLayout" name="renders the global header and nav" time="0.363">
    </testcase>
    <testcase classname="RootLayout" name="renders navigation links" time="0.117">
    </testcase>
    <testcase classname="RootLayout" name="renders children content" time="0.025">
    </testcase>
    <testcase classname="RootLayout" name="renders the logo" time="0.017">
    </testcase>
    <testcase classname="RootLayout" name="renders the contact button" time="0.043">
    </testcase>
  </testsuite>
  <testsuite name="HomeProjectsFilter" errors="0" failures="0" skipped="0" timestamp="2025-10-23T10:27:23" time="20.251" tests="10">
    <testcase classname="HomeProjectsFilter" name="renders all projects by default" time="0.184">
    </testcase>
    <testcase classname="HomeProjectsFilter" name="filters projects by tech" time="0.155">
    </testcase>
    <testcase classname="HomeProjectsFilter" name="shows all projects when All is clicked" time="0.114">
    </testcase>
    <testcase classname="HomeProjectsFilter" name="links to project detail pages" time="0.07">
    </testcase>
    <testcase classname="HomeProjectsFilter" name="initializes filter from URL query string" time="0.049">
    </testcase>
    <testcase classname="HomeProjectsFilter" name="updates URL when tech filter changes" time="0.104">
    </testcase>
    <testcase classname="HomeProjectsFilter" name="removes tech parameter when All is clicked" time="0.146">
    </testcase>
    <testcase classname="HomeProjectsFilter" name="ignores invalid tech parameter from URL" time="0.04">
    </testcase>
    <testcase classname="HomeProjectsFilter" name="renders filter row and scroll buttons" time="0.062">
    </testcase>
    <testcase classname="HomeProjectsFilter" name="clicking scroll buttons calls scrollBy on the row" time="0.05">
    </testcase>
  </testsuite>
  <testsuite name="ProjectDetailPage" errors="0" failures="0" skipped="0" timestamp="2025-10-23T10:27:23" time="21.059" tests="2">
    <testcase classname="ProjectDetailPage" name="renders project details for a valid slug" time="0.261">
    </testcase>
    <testcase classname="ProjectDetailPage" name="renders not found for an invalid slug" time="0.005">
    </testcase>
  </testsuite>
  <testsuite name="Home page" errors="0" failures="0" skipped="0" timestamp="2025-10-23T10:27:23" time="22.415" tests="10">
    <testcase classname="Home page" name="navigation links are accessible and focusable" time="0.331">
    </testcase>
    <testcase classname="Home page" name="hero and project images have alt text" time="0.112">
    </testcase>
    <testcase classname="Home page" name="renders hero section" time="0.106">
    </testcase>
    <testcase classname="Home page" name="renders skills section" time="0.064">
    </testcase>
    <testcase classname="Home page" name="renders work experience section" time="0.063">
    </testcase>
    <testcase classname="Home page" name="renders project filter and grid" time="0.03">
    </testcase>
    <testcase classname="Home page" name="renders services section" time="0.047">
    </testcase>
    <testcase classname="Home page" name="renders chatbot section and sends a message" time="0.154">
    </testcase>
    <testcase classname="Home page" name="toggles mobile menu" time="0.072">
    </testcase>
    <testcase classname="Home page" name="renders all main sections" time="0.094">
    </testcase>
  </testsuite>
  <testsuite name="Accessibility Tests" errors="0" failures="0" skipped="0" timestamp="2025-10-23T10:27:23" time="23.637" tests="10">
    <testcase classname="Accessibility Tests › Home Page" name="should not have accessibility violations" time="0.97">
    </testcase>
    <testcase classname="Accessibility Tests › Home Page" name="should have proper heading hierarchy" time="0.059">
    </testcase>
    <testcase classname="Accessibility Tests › Home Page" name="should have proper form labels and accessibility attributes" time="0.168">
    </testcase>
    <testcase classname="Accessibility Tests › Layout Component" name="should not have accessibility violations in header and navigation" time="0.319">
    </testcase>
    <testcase classname="Accessibility Tests › Layout Component" name="should have proper navigation structure" time="0.012">
    </testcase>
    <testcase classname="Accessibility Tests › Layout Component" name="should have proper landmark roles" time="0.008">
    </testcase>
    <testcase classname="Accessibility Tests › General Accessibility Checks" name="should have proper alt text for images" time="0.048">
    </testcase>
    <testcase classname="Accessibility Tests › General Accessibility Checks" name="should have proper button accessibility" time="0.036">
    </testcase>
    <testcase classname="Accessibility Tests › General Accessibility Checks" name="should have proper focus management" time="0.046">
    </testcase>
    <testcase classname="Accessibility Tests › General Accessibility Checks" name="should have proper color contrast considerations" time="0.058">
    </testcase>
  </testsuite>
</testsuites>